<?xml version="1.0" encoding="UTF-8"?>
<testng-results ignored="0" total="1" passed="1" failed="0" skipped="0">
  <reporter-output>
    <line>
      <![CDATA[Successfully Launched Chrome Browser]]>
    </line>
    <line>
      <![CDATA[Browser window is maximized successfully]]>
    </line>
  </reporter-output>
  <suite started-at="2022-03-02T18:57:38 IST" name="Default suite" finished-at="2022-03-02T18:58:00 IST" duration-ms="21345">
    <groups>
    </groups>
    <test started-at="2022-03-02T18:57:38 IST" name="Default test" finished-at="2022-03-02T18:58:00 IST" duration-ms="21345">
      <class name="users.NewCustomerTest">
        <test-method is-config="true" signature="openTheBrowser(java.lang.String)[pri:0, instance:users.NewCustomerTest@74455848]" started-at="2022-03-02T18:57:38 IST" name="openTheBrowser" finished-at="2022-03-02T18:57:43 IST" duration-ms="4185" status="PASS">
          <params>
            <param index="0">
              <value>
                <![CDATA[chrome]]>
              </value>
            </param>
          </params>
          <reporter-output>
            <line>
              <![CDATA[Successfully Launched Chrome Browser]]>
            </line>
            <line>
              <![CDATA[Browser window is maximized successfully]]>
            </line>
          </reporter-output>
        </test-method> <!-- openTheBrowser -->
        <test-method is-config="true" signature="loginToApplication()[pri:0, instance:users.NewCustomerTest@74455848]" started-at="2022-03-02T18:57:43 IST" name="loginToApplication" finished-at="2022-03-02T18:57:49 IST" duration-ms="6754" status="PASS">
          <reporter-output>
          </reporter-output>
        </test-method> <!-- loginToApplication -->
        <test-method signature="Go_To_Tasks()[pri:0, instance:users.NewCustomerTest@74455848]" started-at="2022-03-02T18:57:49 IST" name="Go_To_Tasks" finished-at="2022-03-02T18:58:00 IST" duration-ms="10328" status="PASS">
          <reporter-output>
          </reporter-output>
        </test-method> <!-- Go_To_Tasks -->
      </class> <!-- users.NewCustomerTest -->
    </test> <!-- Default test -->
  </suite> <!-- Default suite -->
</testng-results>
