<?xml version="1.0" encoding="UTF-8"?>
<testng-results ignored="0" total="1" passed="1" failed="0" skipped="0">
  <reporter-output>
    <line>
      <![CDATA[Successfully Launched Chrome Browser]]>
    </line>
    <line>
      <![CDATA[Browser window is maximized successfully]]>
    </line>
  </reporter-output>
  <suite started-at="2022-03-02T15:29:20 IST" name="Default suite" finished-at="2022-03-02T15:29:43 IST" duration-ms="23073">
    <groups>
    </groups>
    <test started-at="2022-03-02T15:29:20 IST" name="Default test" finished-at="2022-03-02T15:29:43 IST" duration-ms="23073">
      <class name="users.NewProjectTest">
        <test-method is-config="true" signature="openTheBrowser(java.lang.String)[pri:0, instance:users.NewProjectTest@74455848]" started-at="2022-03-02T15:29:20 IST" name="openTheBrowser" finished-at="2022-03-02T15:29:24 IST" duration-ms="4139" status="PASS">
          <params>
            <param index="0">
              <value>
                <![CDATA[chrome]]>
              </value>
            </param>
          </params>
          <reporter-output>
            <line>
              <![CDATA[Successfully Launched Chrome Browser]]>
            </line>
            <line>
              <![CDATA[Browser window is maximized successfully]]>
            </line>
          </reporter-output>
        </test-method> <!-- openTheBrowser -->
        <test-method is-config="true" signature="loginToApplication()[pri:0, instance:users.NewProjectTest@74455848]" started-at="2022-03-02T15:29:24 IST" name="loginToApplication" finished-at="2022-03-02T15:29:30 IST" duration-ms="5658" status="PASS">
          <reporter-output>
          </reporter-output>
        </test-method> <!-- loginToApplication -->
        <test-method signature="Go_To_Tasks()[pri:0, instance:users.NewProjectTest@74455848]" started-at="2022-03-02T15:29:30 IST" name="Go_To_Tasks" finished-at="2022-03-02T15:29:43 IST" duration-ms="13199" status="PASS">
          <reporter-output>
          </reporter-output>
        </test-method> <!-- Go_To_Tasks -->
      </class> <!-- users.NewProjectTest -->
    </test> <!-- Default test -->
  </suite> <!-- Default suite -->
</testng-results>
